<?xml version="1.0" encoding="UTF-8"?>
<!-- Generated by org.testng.reporters.JUnitReportReporter -->
<testsuite hostname="DESKTOP-R6249JK" failures="0" tests="1" name="com.amayo.test.createaccountTest" time="333.584" errors="0" timestamp="2021-09-11T12:19:56 IST" skipped="0">
  <testcase classname="com.amayo.test.createaccountTest" name="verify" time="333.584"/>
  <system-out/>
</testsuite> <!-- com.amayo.test.createaccountTest -->
