<?xml version="1.0" encoding="UTF-8"?>
<!-- Generated by org.testng.reporters.JUnitReportReporter -->
<testsuite hostname="DESKTOP-R6249JK" failures="0" tests="1" name="com.amayo.test.createaccountTest" time="106.562" errors="0" timestamp="2021-09-11T12:52:19 IST" skipped="0">
  <testcase classname="com.amayo.test.createaccountTest" name="verify" time="106.562"/>
  <system-out/>
</testsuite> <!-- com.amayo.test.createaccountTest -->
