<?xml version="1.0" encoding="UTF-8"?>
<!-- Generated by org.testng.reporters.JUnitReportReporter -->
<testsuite hostname="DESKTOP-R6249JK" failures="0" tests="1" name="com.entebo.project.editleadTest" time="145.635" errors="0" timestamp="2021-09-06T11:18:05 IST" skipped="0">
  <testcase classname="com.entebo.project.editleadTest" name="verify" time="145.635"/>
  <system-out/>
</testsuite> <!-- com.entebo.project.editleadTest -->
